<?xml version="1.0" encoding="UTF-8"?>
<testng-results ignored="0" total="1" passed="1" failed="0" skipped="0">
  <reporter-output>
  </reporter-output>
  <suite started-at="2022-03-28T16:59:06 IST" name="Default suite" finished-at="2022-03-28T16:59:30 IST" duration-ms="23629">
    <groups>
    </groups>
    <test started-at="2022-03-28T16:59:06 IST" name="Default test" finished-at="2022-03-28T16:59:30 IST" duration-ms="23629">
      <class name="com.crm.vtiger.LaunchEdgeTest">
        <test-method signature="launch()[pri:0, instance:com.crm.vtiger.LaunchEdgeTest@5f9b2141]" started-at="2022-03-28T16:59:06 IST" name="launch" finished-at="2022-03-28T16:59:30 IST" duration-ms="23604" status="PASS">
          <reporter-output>
          </reporter-output>
        </test-method> <!-- launch -->
      </class> <!-- com.crm.vtiger.LaunchEdgeTest -->
    </test> <!-- Default test -->
  </suite> <!-- Default suite -->
</testng-results>
